<?xml version="1.0" encoding="UTF-8"?>
<!-- Generated by org.testng.reporters.JUnitReportReporter -->
<testsuite skipped="0" hostname="Tsipl1795" name="com.inetbanking.TestCases.TC_LoginTest_001" tests="1" failures="0" timestamp="2022-12-17T13:16:52 IST" time="7.324" errors="0">
  <testcase name="LoginTest" time="7.324" classname="com.inetbanking.TestCases.TC_LoginTest_001"/>
  <system-out/>
</testsuite> <!-- com.inetbanking.TestCases.TC_LoginTest_001 -->
